#! /usr/bin/vvp
:ivl_version "13.0 (stable)" "(v13_0-dirty)";
:ivl_delay_selection "TYPICAL";
:vpi_time_precision - 12;
:vpi_module "/usr/lib/ivl/system.vpi";
:vpi_module "/usr/lib/ivl/vhdl_sys.vpi";
:vpi_module "/usr/lib/ivl/vhdl_textio.vpi";
:vpi_module "/usr/lib/ivl/v2005_math.vpi";
:vpi_module "/usr/lib/ivl/va_math.vpi";
S_0x5f9f395a1510 .scope module, "alu_8bit_tb" "alu_8bit_tb" 2 3;
 .timescale -9 -12;
v0x5f9f395d2dc0_0 .var "A", 7 0;
v0x5f9f395d2ea0_0 .var "ALU_Sel", 2 0;
v0x5f9f395d2f40_0 .net "ALU_out", 7 0, v0x5f9f395d14f0_0;  1 drivers
v0x5f9f395d2fe0_0 .var "B", 7 0;
v0x5f9f395d3080_0 .net "Carryout", 0 0, v0x5f9f395d1690_0;  1 drivers
S_0x5f9f395b37f0 .scope module, "uut" "alu_8bit" 2 11, 3 1 0, S_0x5f9f395a1510;
 .timescale 0 0;
    .port_info 0 /INPUT 8 "A";
    .port_info 1 /INPUT 8 "B";
    .port_info 2 /INPUT 3 "ALU_Sel";
    .port_info 3 /OUTPUT 8 "ALU_out";
    .port_info 4 /OUTPUT 1 "Carryout";
L_0x5f9f395d3630 .functor AND 8, v0x5f9f395d2dc0_0, v0x5f9f395d2fe0_0, C4<11111111>, C4<11111111>;
L_0x5f9f395d3d10 .functor OR 8, v0x5f9f395d2dc0_0, v0x5f9f395d2fe0_0, C4<00000000>, C4<00000000>;
L_0x5f9f395d3d80 .functor XOR 8, v0x5f9f395d2dc0_0, v0x5f9f395d2fe0_0, C4<00000000>, C4<00000000>;
L_0x5f9f395d3df0 .functor NOT 8, v0x5f9f395d2dc0_0, C4<00000000>, C4<00000000>, C4<00000000>;
v0x5f9f395b3af0_0 .net "A", 7 0, v0x5f9f395d2dc0_0;  1 drivers
v0x5f9f395d1410_0 .net "ALU_Sel", 2 0, v0x5f9f395d2ea0_0;  1 drivers
v0x5f9f395d14f0_0 .var "ALU_out", 7 0;
v0x5f9f395d15b0_0 .net "B", 7 0, v0x5f9f395d2fe0_0;  1 drivers
v0x5f9f395d1690_0 .var "Carryout", 0 0;
L_0x7fcfd1484060 .functor BUFT 1, C4<0>, C4<0>, C4<0>, C4<0>;
v0x5f9f395d17a0_0 .net *"_ivl_10", 0 0, L_0x7fcfd1484060;  1 drivers
v0x5f9f395d1880_0 .net *"_ivl_11", 8 0, L_0x5f9f395d3590;  1 drivers
v0x5f9f395d1960_0 .net *"_ivl_16", 8 0, L_0x5f9f395d3910;  1 drivers
L_0x7fcfd14840a8 .functor BUFT 1, C4<0>, C4<0>, C4<0>, C4<0>;
v0x5f9f395d1a40_0 .net *"_ivl_19", 0 0, L_0x7fcfd14840a8;  1 drivers
v0x5f9f395d1b20_0 .net *"_ivl_20", 8 0, L_0x5f9f395d3a50;  1 drivers
L_0x7fcfd14840f0 .functor BUFT 1, C4<0>, C4<0>, C4<0>, C4<0>;
v0x5f9f395d1c00_0 .net *"_ivl_23", 0 0, L_0x7fcfd14840f0;  1 drivers
v0x5f9f395d1ce0_0 .net *"_ivl_24", 8 0, L_0x5f9f395d3b70;  1 drivers
v0x5f9f395d1dc0_0 .net *"_ivl_3", 8 0, L_0x5f9f395d32e0;  1 drivers
v0x5f9f395d1ea0_0 .net *"_ivl_36", 6 0, L_0x5f9f395d3ec0;  1 drivers
L_0x7fcfd1484138 .functor BUFT 1, C4<0>, C4<0>, C4<0>, C4<0>;
v0x5f9f395d1f80_0 .net *"_ivl_38", 0 0, L_0x7fcfd1484138;  1 drivers
v0x5f9f395d2060_0 .net *"_ivl_40", 7 0, L_0x5f9f395d41c0;  1 drivers
v0x5f9f395d2140_0 .net *"_ivl_42", 6 0, L_0x5f9f395d4120;  1 drivers
L_0x7fcfd1484180 .functor BUFT 1, C4<0>, C4<0>, C4<0>, C4<0>;
v0x5f9f395d2220_0 .net *"_ivl_44", 0 0, L_0x7fcfd1484180;  1 drivers
L_0x7fcfd1484018 .functor BUFT 1, C4<0>, C4<0>, C4<0>, C4<0>;
v0x5f9f395d2300_0 .net *"_ivl_6", 0 0, L_0x7fcfd1484018;  1 drivers
v0x5f9f395d23e0_0 .net *"_ivl_7", 8 0, L_0x5f9f395d3420;  1 drivers
v0x5f9f395d24c0_0 .net "and_res", 7 0, L_0x5f9f395d3630;  1 drivers
v0x5f9f395d25a0_0 .net "borrow_diff", 0 0, L_0x5f9f395d3740;  1 drivers
v0x5f9f395d2660_0 .net "carry_sum", 0 0, L_0x5f9f395d3120;  1 drivers
v0x5f9f395d2720_0 .net "diff", 7 0, L_0x5f9f395d3820;  1 drivers
v0x5f9f395d2800_0 .net "not_a", 7 0, L_0x5f9f395d3df0;  1 drivers
v0x5f9f395d28e0_0 .net "or_res", 7 0, L_0x5f9f395d3d10;  1 drivers
v0x5f9f395d29c0_0 .net "shift_left", 7 0, L_0x5f9f395d3fc0;  1 drivers
v0x5f9f395d2aa0_0 .net "shift_right", 0 0, L_0x5f9f395d4380;  1 drivers
v0x5f9f395d2b60_0 .net "sum", 7 0, L_0x5f9f395d31c0;  1 drivers
v0x5f9f395d2c40_0 .net "xor_res", 7 0, L_0x5f9f395d3d80;  1 drivers
E_0x5f9f395ab350/0 .event anyedge, v0x5f9f395d1410_0, v0x5f9f395d2b60_0, v0x5f9f395d2660_0, v0x5f9f395d2720_0;
E_0x5f9f395ab350/1 .event anyedge, v0x5f9f395d25a0_0, v0x5f9f395d24c0_0, v0x5f9f395d28e0_0, v0x5f9f395d2c40_0;
E_0x5f9f395ab350/2 .event anyedge, v0x5f9f395d29c0_0, v0x5f9f395b3af0_0, v0x5f9f395d2aa0_0, v0x5f9f395d2800_0;
E_0x5f9f395ab350 .event/or E_0x5f9f395ab350/0, E_0x5f9f395ab350/1, E_0x5f9f395ab350/2;
L_0x5f9f395d3120 .part L_0x5f9f395d3590, 8, 1;
L_0x5f9f395d31c0 .part L_0x5f9f395d3590, 0, 8;
L_0x5f9f395d32e0 .concat [ 8 1 0 0], v0x5f9f395d2dc0_0, L_0x7fcfd1484018;
L_0x5f9f395d3420 .concat [ 8 1 0 0], v0x5f9f395d2fe0_0, L_0x7fcfd1484060;
L_0x5f9f395d3590 .arith/sum 9, L_0x5f9f395d32e0, L_0x5f9f395d3420;
L_0x5f9f395d3740 .part L_0x5f9f395d3b70, 8, 1;
L_0x5f9f395d3820 .part L_0x5f9f395d3b70, 0, 8;
L_0x5f9f395d3910 .concat [ 8 1 0 0], v0x5f9f395d2dc0_0, L_0x7fcfd14840a8;
L_0x5f9f395d3a50 .concat [ 8 1 0 0], v0x5f9f395d2fe0_0, L_0x7fcfd14840f0;
L_0x5f9f395d3b70 .arith/sub 9, L_0x5f9f395d3910, L_0x5f9f395d3a50;
L_0x5f9f395d3ec0 .part v0x5f9f395d2dc0_0, 0, 7;
L_0x5f9f395d3fc0 .concat [ 1 7 0 0], L_0x7fcfd1484138, L_0x5f9f395d3ec0;
L_0x5f9f395d4120 .part v0x5f9f395d2dc0_0, 1, 7;
L_0x5f9f395d41c0 .concat [ 7 1 0 0], L_0x5f9f395d4120, L_0x7fcfd1484180;
L_0x5f9f395d4380 .part L_0x5f9f395d41c0, 0, 1;
    .scope S_0x5f9f395b37f0;
T_0 ;
    %wait E_0x5f9f395ab350;
    %load/vec4 v0x5f9f395d1410_0;
    %dup/vec4;
    %pushi/vec4 0, 0, 3;
    %cmp/u;
    %jmp/1 T_0.0, 6;
    %dup/vec4;
    %pushi/vec4 1, 0, 3;
    %cmp/u;
    %jmp/1 T_0.1, 6;
    %dup/vec4;
    %pushi/vec4 2, 0, 3;
    %cmp/u;
    %jmp/1 T_0.2, 6;
    %dup/vec4;
    %pushi/vec4 3, 0, 3;
    %cmp/u;
    %jmp/1 T_0.3, 6;
    %dup/vec4;
    %pushi/vec4 4, 0, 3;
    %cmp/u;
    %jmp/1 T_0.4, 6;
    %dup/vec4;
    %pushi/vec4 5, 0, 3;
    %cmp/u;
    %jmp/1 T_0.5, 6;
    %dup/vec4;
    %pushi/vec4 6, 0, 3;
    %cmp/u;
    %jmp/1 T_0.6, 6;
    %dup/vec4;
    %pushi/vec4 7, 0, 3;
    %cmp/u;
    %jmp/1 T_0.7, 6;
    %pushi/vec4 0, 0, 8;
    %store/vec4 v0x5f9f395d14f0_0, 0, 8;
    %pushi/vec4 0, 0, 1;
    %store/vec4 v0x5f9f395d1690_0, 0, 1;
    %jmp T_0.9;
T_0.0 ;
    %load/vec4 v0x5f9f395d2b60_0;
    %store/vec4 v0x5f9f395d14f0_0, 0, 8;
    %load/vec4 v0x5f9f395d2660_0;
    %store/vec4 v0x5f9f395d1690_0, 0, 1;
    %jmp T_0.9;
T_0.1 ;
    %load/vec4 v0x5f9f395d2720_0;
    %store/vec4 v0x5f9f395d14f0_0, 0, 8;
    %load/vec4 v0x5f9f395d25a0_0;
    %store/vec4 v0x5f9f395d1690_0, 0, 1;
    %jmp T_0.9;
T_0.2 ;
    %load/vec4 v0x5f9f395d24c0_0;
    %store/vec4 v0x5f9f395d14f0_0, 0, 8;
    %pushi/vec4 0, 0, 1;
    %store/vec4 v0x5f9f395d1690_0, 0, 1;
    %jmp T_0.9;
T_0.3 ;
    %load/vec4 v0x5f9f395d28e0_0;
    %store/vec4 v0x5f9f395d14f0_0, 0, 8;
    %pushi/vec4 0, 0, 1;
    %store/vec4 v0x5f9f395d1690_0, 0, 1;
    %jmp T_0.9;
T_0.4 ;
    %load/vec4 v0x5f9f395d2c40_0;
    %store/vec4 v0x5f9f395d14f0_0, 0, 8;
    %pushi/vec4 0, 0, 1;
    %store/vec4 v0x5f9f395d1690_0, 0, 1;
    %jmp T_0.9;
T_0.5 ;
    %load/vec4 v0x5f9f395d29c0_0;
    %store/vec4 v0x5f9f395d14f0_0, 0, 8;
    %load/vec4 v0x5f9f395b3af0_0;
    %parti/s 1, 7, 4;
    %store/vec4 v0x5f9f395d1690_0, 0, 1;
    %jmp T_0.9;
T_0.6 ;
    %load/vec4 v0x5f9f395d2aa0_0;
    %pad/u 8;
    %store/vec4 v0x5f9f395d14f0_0, 0, 8;
    %load/vec4 v0x5f9f395b3af0_0;
    %parti/s 1, 0, 2;
    %store/vec4 v0x5f9f395d1690_0, 0, 1;
    %jmp T_0.9;
T_0.7 ;
    %load/vec4 v0x5f9f395d2800_0;
    %store/vec4 v0x5f9f395d14f0_0, 0, 8;
    %pushi/vec4 0, 0, 1;
    %store/vec4 v0x5f9f395d1690_0, 0, 1;
    %jmp T_0.9;
T_0.9 ;
    %pop/vec4 1;
    %jmp T_0;
    .thread T_0, $push;
    .scope S_0x5f9f395a1510;
T_1 ;
    %vpi_call 2 20 "$dumpfile", "alu_8bit.vcd" {0 0 0};
    %vpi_call 2 21 "$dumpvars", 32'sb00000000000000000000000000000000, S_0x5f9f395b37f0 {0 0 0};
    %pushi/vec4 255, 0, 8;
    %store/vec4 v0x5f9f395d2dc0_0, 0, 8;
    %pushi/vec4 1, 0, 8;
    %store/vec4 v0x5f9f395d2fe0_0, 0, 8;
    %pushi/vec4 0, 0, 3;
    %store/vec4 v0x5f9f395d2ea0_0, 0, 3;
    %delay 100000, 0;
    %pushi/vec4 0, 0, 8;
    %store/vec4 v0x5f9f395d2dc0_0, 0, 8;
    %pushi/vec4 1, 0, 8;
    %store/vec4 v0x5f9f395d2fe0_0, 0, 8;
    %pushi/vec4 1, 0, 3;
    %store/vec4 v0x5f9f395d2ea0_0, 0, 3;
    %delay 100000, 0;
    %pushi/vec4 240, 0, 8;
    %store/vec4 v0x5f9f395d2dc0_0, 0, 8;
    %pushi/vec4 15, 0, 8;
    %store/vec4 v0x5f9f395d2fe0_0, 0, 8;
    %pushi/vec4 2, 0, 3;
    %store/vec4 v0x5f9f395d2ea0_0, 0, 3;
    %delay 100000, 0;
    %pushi/vec4 240, 0, 8;
    %store/vec4 v0x5f9f395d2dc0_0, 0, 8;
    %pushi/vec4 15, 0, 8;
    %store/vec4 v0x5f9f395d2fe0_0, 0, 8;
    %pushi/vec4 3, 0, 3;
    %store/vec4 v0x5f9f395d2ea0_0, 0, 3;
    %delay 100000, 0;
    %pushi/vec4 128, 0, 8;
    %store/vec4 v0x5f9f395d2dc0_0, 0, 8;
    %pushi/vec4 0, 0, 8;
    %store/vec4 v0x5f9f395d2fe0_0, 0, 8;
    %pushi/vec4 5, 0, 3;
    %store/vec4 v0x5f9f395d2ea0_0, 0, 3;
    %delay 100000, 0;
    %pushi/vec4 255, 0, 8;
    %store/vec4 v0x5f9f395d2dc0_0, 0, 8;
    %pushi/vec4 85, 0, 8;
    %store/vec4 v0x5f9f395d2fe0_0, 0, 8;
    %pushi/vec4 4, 0, 3;
    %store/vec4 v0x5f9f395d2ea0_0, 0, 3;
    %delay 100000, 0;
    %pushi/vec4 1, 0, 8;
    %store/vec4 v0x5f9f395d2dc0_0, 0, 8;
    %pushi/vec4 0, 0, 8;
    %store/vec4 v0x5f9f395d2fe0_0, 0, 8;
    %pushi/vec4 6, 0, 3;
    %store/vec4 v0x5f9f395d2ea0_0, 0, 3;
    %delay 100000, 0;
    %pushi/vec4 255, 0, 8;
    %store/vec4 v0x5f9f395d2dc0_0, 0, 8;
    %pushi/vec4 0, 0, 8;
    %store/vec4 v0x5f9f395d2fe0_0, 0, 8;
    %pushi/vec4 7, 0, 3;
    %store/vec4 v0x5f9f395d2ea0_0, 0, 3;
    %delay 100000, 0;
    %end;
    .thread T_1;
# The file index is used to find the file name in the following table.
:file_names 4;
    "N/A";
    "<interactive>";
    "bit8_ALU_tb.v";
    "bit8_ALU.v";
