#! /usr/bin/vvp
:ivl_version "13.0 (stable)" "(v13_0-dirty)";
:ivl_delay_selection "TYPICAL";
:vpi_time_precision - 12;
:vpi_module "/usr/lib/ivl/system.vpi";
:vpi_module "/usr/lib/ivl/vhdl_sys.vpi";
:vpi_module "/usr/lib/ivl/vhdl_textio.vpi";
:vpi_module "/usr/lib/ivl/v2005_math.vpi";
:vpi_module "/usr/lib/ivl/va_math.vpi";
S_0x5e48651950f0 .scope module, "and_gate_tb" "and_gate_tb" 2 2;
 .timescale -9 -12;
v0x5e48651b9d00_0 .var "a", 0 0;
v0x5e48651b9dd0_0 .var "b", 0 0;
v0x5e48651b9ea0_0 .net "z", 0 0, L_0x5e48651b9fa0;  1 drivers
S_0x5e48651a9fa0 .scope module, "uut" "and_gate" 2 8, 3 1 0, S_0x5e48651950f0;
 .timescale -9 -12;
    .port_info 0 /INPUT 1 "a";
    .port_info 1 /INPUT 1 "b";
    .port_info 2 /OUTPUT 1 "z";
L_0x5e48651b9fa0 .functor AND 1, v0x5e48651b9d00_0, v0x5e48651b9dd0_0, C4<1>, C4<1>;
v0x5e48651aa1f0_0 .net "a", 0 0, v0x5e48651b9d00_0;  1 drivers
v0x5e48651b9b20_0 .net "b", 0 0, v0x5e48651b9dd0_0;  1 drivers
v0x5e48651b9be0_0 .net "z", 0 0, L_0x5e48651b9fa0;  alias, 1 drivers
    .scope S_0x5e48651950f0;
T_0 ;
    %vpi_call 2 17 "$dumpfile", "and_gate.vcd" {0 0 0};
    %vpi_call 2 18 "$dumpvars", 32'sb00000000000000000000000000000000, S_0x5e48651a9fa0 {0 0 0};
    %pushi/vec4 0, 0, 1;
    %store/vec4 v0x5e48651b9d00_0, 0, 1;
    %pushi/vec4 0, 0, 1;
    %store/vec4 v0x5e48651b9dd0_0, 0, 1;
    %delay 100000, 0;
    %pushi/vec4 0, 0, 1;
    %store/vec4 v0x5e48651b9d00_0, 0, 1;
    %pushi/vec4 1, 0, 1;
    %store/vec4 v0x5e48651b9dd0_0, 0, 1;
    %delay 100000, 0;
    %pushi/vec4 1, 0, 1;
    %store/vec4 v0x5e48651b9d00_0, 0, 1;
    %pushi/vec4 0, 0, 1;
    %store/vec4 v0x5e48651b9dd0_0, 0, 1;
    %delay 100000, 0;
    %pushi/vec4 1, 0, 1;
    %store/vec4 v0x5e48651b9d00_0, 0, 1;
    %pushi/vec4 1, 0, 1;
    %store/vec4 v0x5e48651b9dd0_0, 0, 1;
    %delay 100000, 0;
    %end;
    .thread T_0;
# The file index is used to find the file name in the following table.
:file_names 4;
    "N/A";
    "<interactive>";
    "lab2.v";
    "and_gate_tb.v";
